17:29:35.096254 [debug] [MainThread]: Sending event: {'category': 'dbt', 'action': 'invocation', 'label': 'start', 'context': [<snowplow_tracker.self_describing_json.SelfDescribingJson object at 0x1078fe120>, <snowplow_tracker.self_describing_json.SelfDescribingJson object at 0x115932d50>, <snowplow_tracker.self_describing_json.SelfDescribingJson object at 0x115932ad0>]}


============================== 17:29:35.104828 | fa105b3a-f330-4c6f-8b09-73f2e4b7c7cd ==============================
17:29:35.104828 [info ] [MainThread]: Running with dbt=1.9.4
17:29:35.105714 [debug] [MainThread]: running dbt with arguments {'printer_width': '80', 'indirect_selection': 'eager', 'log_cache_events': 'False', 'write_json': 'True', 'partial_parse': 'True', 'cache_selected_only': 'False', 'warn_error': 'None', 'debug': 'False', 'profiles_dir': 'dbt-profiles', 'log_path': 'logs', 'fail_fast': 'False', 'version_check': 'True', 'use_colors': 'False', 'use_experimental_parser': 'False', 'empty': 'None', 'quiet': 'False', 'no_print': 'None', 'warn_error_options': 'WarnErrorOptions(include=[], exclude=[])', 'invocation_command': 'dbt app.main:app --host 0.0.0.0 --port 8000', 'introspect': 'True', 'log_format': 'default', 'target_path': 'None', 'static_parser': 'True', 'send_anonymous_usage_stats': 'True'}
17:29:35.127703 [info ] [MainThread]: Creating dbt configuration folder at dbt-profiles
17:29:35.130616 [debug] [MainThread]: Starter project path: /Users/ddubinsk/development/dataring-dbt/.venv/lib/python3.13/site-packages/dbt/include/starter_project
17:29:35.141898 [info ] [MainThread]: 
Your new dbt project "dbt_core_project" was created!

For more information on how to configure the profiles.yml file,
please consult the dbt documentation here:

  https://docs.getdbt.com/docs/configure-your-profile

One more thing:

Need help? Don't hesitate to reach out to us via GitHub issues or on Slack:

  https://community.getdbt.com/

Happy modeling!

17:29:35.144640 [debug] [MainThread]: Resource report: {"command_name": "init", "command_success": true, "command_wall_clock_time": 0.12954025, "process_in_blocks": "0", "process_kernel_time": 0.733926, "process_mem_max_rss": "164085760", "process_out_blocks": "0", "process_user_time": 3.084384}
17:29:35.145432 [debug] [MainThread]: Command `cli init` succeeded at 17:29:35.145312 after 0.13 seconds
17:29:35.146107 [debug] [MainThread]: Sending event: {'category': 'dbt', 'action': 'invocation', 'label': 'end', 'context': [<snowplow_tracker.self_describing_json.SelfDescribingJson object at 0x115c9dcd0>, <snowplow_tracker.self_describing_json.SelfDescribingJson object at 0x10508cdd0>, <snowplow_tracker.self_describing_json.SelfDescribingJson object at 0x1158bb460>]}
17:29:35.146743 [debug] [MainThread]: Flushing usage events
17:29:37.861693 [debug] [MainThread]: An error was encountered while trying to flush usage events
